# JRE version: OpenJDK Runtime Environment (21.0.5) (build 21.0.5+-12932927-b750.29)
# Java VM: OpenJDK 64-Bit Server VM (21.0.5+-12932927-b750.29, mixed mode, tiered, compressed oops, compressed class ptrs, g1 gc, windows-amd64)
GC Precious Log:
 CardTable entry size: 512
 Card Set container configuration: InlinePtr #cards 5 size 8 Array Of Cards #cards 12 size 40 Howl #buckets 4 coarsen threshold 1843 Howl Bitmap #cards 512 size 80 coarsen threshold 460 Card regions per heap region 1 cards per card region 2048
 CPUs: 12 total, 12 available
 Memory: 16163M
 Large Page Support: Disabled
 NUMA Support: Disabled
 Compressed Oops: Enabled (32-bit)
 Heap Region Size: 1M
 Heap Min Capacity: 8M
 Heap Initial Capacity: 254M
 Heap Max Capacity: 2G
 Pre-touch: Disabled
 Parallel Workers: 10
 Concurrent Workers: 3
 Concurrent Refinement Workers: 10
 Periodic GC: Disabled
Heap:
 garbage-first heap   total 362496K, used 205964K [0x0000000080000000, 0x0000000100000000)
  region size 1024K, 48 young (49152K), 1 survivors (1024K)
 Metaspace       used 123817K, committed 126016K, reserved 1179648K
  class space    used 16476K, committed 17600K, reserved 1048576K
GC Heap History (20 events):
Event: 12.953 GC heap before
{Heap before GC invocations=40 (full 0):
 garbage-first heap   total 204800K, used 183954K [0x0000000080000000, 0x0000000100000000)
  region size 1024K, 43 young (44032K), 7 survivors (7168K)
 Metaspace       used 114040K, committed 116160K, reserved 1179648K
  class space    used 15458K, committed 16512K, reserved 1048576K
}
Event: 12.958 GC heap after
{Heap after GC invocations=41 (full 0):
 garbage-first heap   total 204800K, used 144180K [0x0000000080000000, 0x0000000100000000)
  region size 1024K, 4 young (4096K), 4 survivors (4096K)
 Metaspace       used 114040K, committed 116160K, reserved 1179648K
  class space    used 15458K, committed 16512K, reserved 1048576K
}
Event: 13.368 GC heap before
{Heap before GC invocations=41 (full 0):
 garbage-first heap   total 204800K, used 174900K [0x0000000080000000, 0x0000000100000000)
  region size 1024K, 36 young (36864K), 4 survivors (4096K)
 Metaspace       used 116328K, committed 118464K, reserved 1179648K
  class space    used 15721K, committed 16768K, reserved 1048576K
}
Event: 13.372 GC heap after
{Heap after GC invocations=42 (full 0):
 garbage-first heap   total 204800K, used 152146K [0x0000000080000000, 0x0000000100000000)
  region size 1024K, 6 young (6144K), 6 survivors (6144K)
 Metaspace       used 116328K, committed 118464K, reserved 1179648K
  class space    used 15721K, committed 16768K, reserved 1048576K
}
Event: 14.277 GC heap before
{Heap before GC invocations=43 (full 0):
 garbage-first heap   total 293888K, used 205394K [0x0000000080000000, 0x0000000100000000)
  region size 1024K, 36 young (36864K), 6 survivors (6144K)
 Metaspace       used 118732K, committed 120960K, reserved 1179648K
  class space    used 15918K, committed 17024K, reserved 1048576K
}
Event: 14.281 GC heap after
{Heap after GC invocations=44 (full 0):
 garbage-first heap   total 293888K, used 155672K [0x0000000080000000, 0x0000000100000000)
  region size 1024K, 4 young (4096K), 4 survivors (4096K)
 Metaspace       used 118732K, committed 120960K, reserved 1179648K
  class space    used 15918K, committed 17024K, reserved 1048576K
}
Event: 14.586 GC heap before
{Heap before GC invocations=44 (full 0):
 garbage-first heap   total 293888K, used 244760K [0x0000000080000000, 0x0000000100000000)
  region size 1024K, 92 young (94208K), 4 survivors (4096K)
 Metaspace       used 120847K, committed 123072K, reserved 1179648K
  class space    used 16169K, committed 17280K, reserved 1048576K
}
Event: 14.592 GC heap after
{Heap after GC invocations=45 (full 0):
 garbage-first heap   total 293888K, used 161827K [0x0000000080000000, 0x0000000100000000)
  region size 1024K, 11 young (11264K), 11 survivors (11264K)
 Metaspace       used 120847K, committed 123072K, reserved 1179648K
  class space    used 16169K, committed 17280K, reserved 1048576K
}
Event: 14.846 GC heap before
{Heap before GC invocations=45 (full 0):
 garbage-first heap   total 293888K, used 251939K [0x0000000080000000, 0x0000000100000000)
  region size 1024K, 100 young (102400K), 11 survivors (11264K)
 Metaspace       used 122227K, committed 124416K, reserved 1179648K
  class space    used 16296K, committed 17408K, reserved 1048576K
}
Event: 15.855 GC heap after
{Heap after GC invocations=46 (full 0):
 garbage-first heap   total 362496K, used 158501K [0x0000000080000000, 0x0000000100000000)
  region size 1024K, 5 young (5120K), 5 survivors (5120K)
 Metaspace       used 122227K, committed 124416K, reserved 1179648K
  class space    used 16296K, committed 17408K, reserved 1048576K
}
Event: 15.892 GC heap before
{Heap before GC invocations=46 (full 0):
 garbage-first heap   total 362496K, used 169765K [0x0000000080000000, 0x0000000100000000)
  region size 1024K, 17 young (17408K), 5 survivors (5120K)
 Metaspace       used 122245K, committed 124416K, reserved 1179648K
  class space    used 16296K, committed 17408K, reserved 1048576K
}
Event: 15.895 GC heap after
{Heap after GC invocations=47 (full 0):
 garbage-first heap   total 362496K, used 158726K [0x0000000080000000, 0x0000000100000000)
  region size 1024K, 3 young (3072K), 3 survivors (3072K)
 Metaspace       used 122245K, committed 124416K, reserved 1179648K
  class space    used 16296K, committed 17408K, reserved 1048576K
}
Event: 15.931 GC heap before
{Heap before GC invocations=47 (full 0):
 garbage-first heap   total 362496K, used 173062K [0x0000000080000000, 0x0000000100000000)
  region size 1024K, 17 young (17408K), 3 survivors (3072K)
 Metaspace       used 122248K, committed 124416K, reserved 1179648K
  class space    used 16296K, committed 17408K, reserved 1048576K
}
Event: 15.933 GC heap after
{Heap after GC invocations=48 (full 0):
 garbage-first heap   total 362496K, used 159281K [0x0000000080000000, 0x0000000100000000)
  region size 1024K, 3 young (3072K), 3 survivors (3072K)
 Metaspace       used 122248K, committed 124416K, reserved 1179648K
  class space    used 16296K, committed 17408K, reserved 1048576K
}
Event: 16.012 GC heap before
{Heap before GC invocations=49 (full 0):
 garbage-first heap   total 362496K, used 172593K [0x0000000080000000, 0x0000000100000000)
  region size 1024K, 17 young (17408K), 3 survivors (3072K)
 Metaspace       used 122394K, committed 124544K, reserved 1179648K
  class space    used 16322K, committed 17408K, reserved 1048576K
}
Event: 16.015 GC heap after
{Heap after GC invocations=50 (full 0):
 garbage-first heap   total 362496K, used 161280K [0x0000000080000000, 0x0000000100000000)
  region size 1024K, 3 young (3072K), 3 survivors (3072K)
 Metaspace       used 122394K, committed 124544K, reserved 1179648K
  class space    used 16322K, committed 17408K, reserved 1048576K
}
Event: 16.175 GC heap before
{Heap before GC invocations=50 (full 0):
 garbage-first heap   total 362496K, used 175616K [0x0000000080000000, 0x0000000100000000)
  region size 1024K, 17 young (17408K), 3 survivors (3072K)
 Metaspace       used 122870K, committed 124992K, reserved 1179648K
  class space    used 16384K, committed 17472K, reserved 1048576K
}
Event: 16.178 GC heap after
{Heap after GC invocations=51 (full 0):
 garbage-first heap   total 362496K, used 161474K [0x0000000080000000, 0x0000000100000000)
  region size 1024K, 3 young (3072K), 3 survivors (3072K)
 Metaspace       used 122870K, committed 124992K, reserved 1179648K
  class space    used 16384K, committed 17472K, reserved 1048576K
}
Event: 16.316 GC heap before
{Heap before GC invocations=51 (full 0):
 garbage-first heap   total 362496K, used 175810K [0x0000000080000000, 0x0000000100000000)
  region size 1024K, 17 young (17408K), 3 survivors (3072K)
 Metaspace       used 123621K, committed 125888K, reserved 1179648K
  class space    used 16458K, committed 17600K, reserved 1048576K
}
Event: 16.318 GC heap after
{Heap after GC invocations=52 (full 0):
 garbage-first heap   total 362496K, used 159884K [0x0000000080000000, 0x0000000100000000)
  region size 1024K, 1 young (1024K), 1 survivors (1024K)
 Metaspace       used 123621K, committed 125888K, reserved 1179648K
  class space    used 16458K, committed 17600K, reserved 1048576K
}

